<?xml version="1.0" encoding="UTF-8"?>
<coverage generated="1624876295094" clover="3.2.0">
  <project timestamp="1624876295094" name="All files">
    <metrics statements="33" coveredstatements="24" conditionals="9" coveredconditionals="3" methods="9" coveredmethods="6" elements="51" coveredelements="33" complexity="0" loc="33" ncloc="33" packages="5" files="5" classes="5"/>
    <package name="action">
      <metrics statements="3" coveredstatements="3" conditionals="0" coveredconditionals="0" methods="0" coveredmethods="0"/>
      <file name="JokesAction.ts" path="C:\Users\ASD\Desktop\Interview\Assignment\JokesProject\src\action\JokesAction.ts">
        <metrics statements="3" coveredstatements="3" conditionals="0" coveredconditionals="0" methods="0" coveredmethods="0"/>
        <line num="1" count="1" type="stmt"/>
        <line num="2" count="1" type="stmt"/>
        <line num="3" count="1" type="stmt"/>
      </file>
    </package>
    <package name="components">
      <metrics statements="3" coveredstatements="3" conditionals="0" coveredconditionals="0" methods="1" coveredmethods="1"/>
      <file name="JokeItem.tsx" path="C:\Users\ASD\Desktop\Interview\Assignment\JokesProject\src\components\JokeItem.tsx">
        <metrics statements="3" coveredstatements="3" conditionals="0" coveredconditionals="0" methods="1" coveredmethods="1"/>
        <line num="9" count="2" type="stmt"/>
        <line num="10" count="1" type="stmt"/>
        <line num="19" count="2" type="stmt"/>
      </file>
    </package>
    <package name="reducer">
      <metrics statements="6" coveredstatements="3" conditionals="4" coveredconditionals="1" methods="1" coveredmethods="1"/>
      <file name="JokeReducer.ts" path="C:\Users\ASD\Desktop\Interview\Assignment\JokesProject\src\reducer\JokeReducer.ts">
        <metrics statements="6" coveredstatements="3" conditionals="4" coveredconditionals="1" methods="1" coveredmethods="1"/>
        <line num="4" count="1" type="stmt"/>
        <line num="5" count="2" type="cond" truecount="1" falsecount="3"/>
        <line num="7" count="2" type="stmt"/>
        <line num="9" count="0" type="stmt"/>
        <line num="15" count="0" type="stmt"/>
        <line num="20" count="0" type="stmt"/>
      </file>
    </package>
    <package name="screen">
      <metrics statements="17" coveredstatements="13" conditionals="4" coveredconditionals="2" methods="6" coveredmethods="3"/>
      <file name="Jokes.tsx" path="C:\Users\ASD\Desktop\Interview\Assignment\JokesProject\src\screen\Jokes.tsx">
        <metrics statements="17" coveredstatements="13" conditionals="4" coveredconditionals="2" methods="6" coveredmethods="3"/>
        <line num="15" count="1" type="stmt"/>
        <line num="21" count="1" type="stmt"/>
        <line num="22" count="4" type="stmt"/>
        <line num="24" count="4" type="stmt"/>
        <line num="25" count="2" type="stmt"/>
        <line num="26" count="2" type="stmt"/>
        <line num="28" count="2" type="stmt"/>
        <line num="30" count="0" type="stmt"/>
        <line num="32" count="2" type="stmt"/>
        <line num="35" count="4" type="stmt"/>
        <line num="36" count="4" type="stmt"/>
        <line num="37" count="0" type="stmt"/>
        <line num="40" count="4" type="stmt"/>
        <line num="41" count="0" type="cond" truecount="0" falsecount="2"/>
        <line num="42" count="0" type="stmt"/>
        <line num="46" count="4" type="stmt"/>
        <line num="69" count="1" type="stmt"/>
      </file>
    </package>
    <package name="service">
      <metrics statements="4" coveredstatements="2" conditionals="1" coveredconditionals="0" methods="1" coveredmethods="1"/>
      <file name="JokeService.ts" path="C:\Users\ASD\Desktop\Interview\Assignment\JokesProject\src\service\JokeService.ts">
        <metrics statements="4" coveredstatements="2" conditionals="1" coveredconditionals="0" methods="1" coveredmethods="1"/>
        <line num="1" count="1" type="cond" truecount="0" falsecount="1"/>
        <line num="2" count="2" type="stmt"/>
        <line num="11" count="0" type="stmt"/>
        <line num="12" count="0" type="stmt"/>
      </file>
    </package>
  </project>
</coverage>
