<?xml version="1.0" encoding="UTF-8"?>
<coverage generated="1624872922360" clover="3.2.0">
  <project timestamp="1624872922360" name="All files">
    <metrics statements="32" coveredstatements="24" conditionals="7" coveredconditionals="3" methods="9" coveredmethods="6" elements="48" coveredelements="33" complexity="0" loc="32" ncloc="32" packages="4" files="4" classes="4"/>
    <package name="Action">
      <metrics statements="3" coveredstatements="3" conditionals="0" coveredconditionals="0" methods="0" coveredmethods="0"/>
      <file name="JokesAction.ts" path="C:\Users\ASD\Desktop\Interview\Assignment\JokesProject\src\Action\JokesAction.ts">
        <metrics statements="3" coveredstatements="3" conditionals="0" coveredconditionals="0" methods="0" coveredmethods="0"/>
        <line num="1" count="1" type="stmt"/>
        <line num="2" count="1" type="stmt"/>
        <line num="3" count="1" type="stmt"/>
      </file>
    </package>
    <package name="Components">
      <metrics statements="3" coveredstatements="3" conditionals="0" coveredconditionals="0" methods="1" coveredmethods="1"/>
      <file name="JokeItem.tsx" path="C:\Users\ASD\Desktop\Interview\Assignment\JokesProject\src\Components\JokeItem.tsx">
        <metrics statements="3" coveredstatements="3" conditionals="0" coveredconditionals="0" methods="1" coveredmethods="1"/>
        <line num="9" count="2" type="stmt"/>
        <line num="10" count="1" type="stmt"/>
        <line num="19" count="2" type="stmt"/>
      </file>
    </package>
    <package name="Screen">
      <metrics statements="22" coveredstatements="16" conditionals="6" coveredconditionals="3" methods="7" coveredmethods="4"/>
      <file name="Jokes.tsx" path="C:\Users\ASD\Desktop\Interview\Assignment\JokesProject\src\Screen\Jokes.tsx">
        <metrics statements="22" coveredstatements="16" conditionals="6" coveredconditionals="3" methods="7" coveredmethods="4"/>
        <line num="18" count="1" type="stmt"/>
        <line num="34" count="1" type="stmt"/>
        <line num="35" count="2" type="cond" truecount="1" falsecount="3"/>
        <line num="37" count="2" type="stmt"/>
        <line num="39" count="0" type="stmt"/>
        <line num="45" count="0" type="stmt"/>
        <line num="50" count="0" type="stmt"/>
        <line num="54" count="1" type="stmt"/>
        <line num="55" count="4" type="stmt"/>
        <line num="57" count="4" type="stmt"/>
        <line num="58" count="2" type="stmt"/>
        <line num="59" count="2" type="stmt"/>
        <line num="61" count="2" type="stmt"/>
        <line num="63" count="0" type="stmt"/>
        <line num="65" count="2" type="stmt"/>
        <line num="68" count="4" type="stmt"/>
        <line num="69" count="4" type="stmt"/>
        <line num="70" count="0" type="stmt"/>
        <line num="73" count="4" type="stmt"/>
        <line num="74" count="0" type="stmt"/>
        <line num="77" count="4" type="stmt"/>
        <line num="100" count="1" type="stmt"/>
      </file>
    </package>
    <package name="Service">
      <metrics statements="4" coveredstatements="2" conditionals="1" coveredconditionals="0" methods="1" coveredmethods="1"/>
      <file name="JokeService.ts" path="C:\Users\ASD\Desktop\Interview\Assignment\JokesProject\src\Service\JokeService.ts">
        <metrics statements="4" coveredstatements="2" conditionals="1" coveredconditionals="0" methods="1" coveredmethods="1"/>
        <line num="1" count="1" type="cond" truecount="0" falsecount="1"/>
        <line num="2" count="2" type="stmt"/>
        <line num="11" count="0" type="stmt"/>
        <line num="12" count="0" type="stmt"/>
      </file>
    </package>
  </project>
</coverage>
