{"C:\\Users\\ASD\\Desktop\\Interview\\Assignment\\JokesProject\\src\\action\\JokesAction.ts": {"path":"C:\\Users\\ASD\\Desktop\\Interview\\Assignment\\JokesProject\\src\\action\\JokesAction.ts","statementMap":{"0":{"start":{"line":1,"column":30},"end":{"line":1,"column":46}},"1":{"start":{"line":2,"column":29},"end":{"line":2,"column":43}},"2":{"start":{"line":3,"column":25},"end":{"line":3,"column":36}}},"fnMap":{},"branchMap":{},"s":{"0":1,"1":1,"2":1},"f":{},"b":{},"_coverageSchema":"1a1c01bbd47fc00a2c39e90264f33305004495a9","hash":"e3afe180ae29031ca6c3ecb9bd96bfb0d6a849b6"}
,"C:\\Users\\ASD\\Desktop\\Interview\\Assignment\\JokesProject\\src\\components\\JokeItem.tsx": {"path":"C:\\Users\\ASD\\Desktop\\Interview\\Assignment\\JokesProject\\src\\components\\JokeItem.tsx","statementMap":{"0":{"start":{"line":9,"column":17},"end":{"line":15,"column":1}},"1":{"start":{"line":10,"column":2},"end":{"line":14,"column":4}},"2":{"start":{"line":19,"column":15},"end":{"line":28,"column":2}}},"fnMap":{"0":{"name":"(anonymous_0)","decl":{"start":{"line":9,"column":17},"end":{"line":9,"column":18}},"loc":{"start":{"line":9,"column":36},"end":{"line":15,"column":1}},"line":9}},"branchMap":{},"s":{"0":2,"1":1,"2":2},"f":{"0":1},"b":{},"_coverageSchema":"1a1c01bbd47fc00a2c39e90264f33305004495a9","hash":"c90aa7c87a182c05ef0996498e0ebb88ac66f050"}
,"C:\\Users\\ASD\\Desktop\\Interview\\Assignment\\JokesProject\\src\\reducer\\JokeReducer.ts": {"path":"C:\\Users\\ASD\\Desktop\\Interview\\Assignment\\JokesProject\\src\\reducer\\JokeReducer.ts","statementMap":{"0":{"start":{"line":4,"column":27},"end":{"line":22,"column":1}},"1":{"start":{"line":5,"column":2},"end":{"line":21,"column":3}},"2":{"start":{"line":7,"column":6},"end":{"line":7,"column":39}},"3":{"start":{"line":9,"column":6},"end":{"line":13,"column":8}},"4":{"start":{"line":15,"column":6},"end":{"line":18,"column":8}},"5":{"start":{"line":20,"column":6},"end":{"line":20,"column":24}}},"fnMap":{"0":{"name":"(anonymous_0)","decl":{"start":{"line":4,"column":27},"end":{"line":4,"column":28}},"loc":{"start":{"line":4,"column":75},"end":{"line":22,"column":1}},"line":4}},"branchMap":{"0":{"loc":{"start":{"line":5,"column":2},"end":{"line":21,"column":3}},"type":"switch","locations":[{"start":{"line":6,"column":4},"end":{"line":7,"column":39}},{"start":{"line":8,"column":4},"end":{"line":13,"column":8}},{"start":{"line":14,"column":4},"end":{"line":18,"column":8}},{"start":{"line":19,"column":4},"end":{"line":20,"column":24}}],"line":5}},"s":{"0":1,"1":2,"2":2,"3":0,"4":0,"5":0},"f":{"0":2},"b":{"0":[2,0,0,0]},"_coverageSchema":"1a1c01bbd47fc00a2c39e90264f33305004495a9","hash":"18b3147f045145e7ddb04327b7d1e2dcab935059"}
,"C:\\Users\\ASD\\Desktop\\Interview\\Assignment\\JokesProject\\src\\screen\\Jokes.tsx": {"path":"C:\\Users\\ASD\\Desktop\\Interview\\Assignment\\JokesProject\\src\\screen\\Jokes.tsx","statementMap":{"0":{"start":{"line":15,"column":21},"end":{"line":19,"column":1}},"1":{"start":{"line":21,"column":14},"end":{"line":65,"column":1}},"2":{"start":{"line":22,"column":28},"end":{"line":22,"column":65}},"3":{"start":{"line":24,"column":2},"end":{"line":33,"column":19}},"4":{"start":{"line":25,"column":22},"end":{"line":31,"column":5}},"5":{"start":{"line":26,"column":6},"end":{"line":26,"column":39}},"6":{"start":{"line":28,"column":23},"end":{"line":28,"column":51}},"7":{"start":{"line":30,"column":6},"end":{"line":30,"column":57}},"8":{"start":{"line":32,"column":4},"end":{"line":32,"column":16}},"9":{"start":{"line":35,"column":23},"end":{"line":35,"column":74}},"10":{"start":{"line":35,"column":54},"end":{"line":35,"column":74}},"11":{"start":{"line":36,"column":21},"end":{"line":39,"column":3}},"12":{"start":{"line":37,"column":30},"end":{"line":37,"column":54}},"13":{"start":{"line":40,"column":25},"end":{"line":44,"column":3}},"14":{"start":{"line":41,"column":4},"end":{"line":43,"column":5}},"15":{"start":{"line":42,"column":6},"end":{"line":42,"column":34}},"16":{"start":{"line":46,"column":2},"end":{"line":64,"column":4}},"17":{"start":{"line":69,"column":15},"end":{"line":80,"column":2}}},"fnMap":{"0":{"name":"(anonymous_0)","decl":{"start":{"line":21,"column":14},"end":{"line":21,"column":15}},"loc":{"start":{"line":21,"column":20},"end":{"line":65,"column":1}},"line":21},"1":{"name":"(anonymous_1)","decl":{"start":{"line":24,"column":12},"end":{"line":24,"column":13}},"loc":{"start":{"line":24,"column":18},"end":{"line":33,"column":3}},"line":24},"2":{"name":"(anonymous_2)","decl":{"start":{"line":25,"column":22},"end":{"line":25,"column":23}},"loc":{"start":{"line":25,"column":34},"end":{"line":31,"column":5}},"line":25},"3":{"name":"(anonymous_3)","decl":{"start":{"line":35,"column":23},"end":{"line":35,"column":24}},"loc":{"start":{"line":35,"column":54},"end":{"line":35,"column":74}},"line":35},"4":{"name":"(anonymous_4)","decl":{"start":{"line":37,"column":4},"end":{"line":37,"column":5}},"loc":{"start":{"line":37,"column":30},"end":{"line":37,"column":54}},"line":37},"5":{"name":"(anonymous_5)","decl":{"start":{"line":40,"column":25},"end":{"line":40,"column":26}},"loc":{"start":{"line":40,"column":31},"end":{"line":44,"column":3}},"line":40}},"branchMap":{"0":{"loc":{"start":{"line":41,"column":4},"end":{"line":43,"column":5}},"type":"if","locations":[{"start":{"line":41,"column":4},"end":{"line":43,"column":5}},{"start":{"line":41,"column":4},"end":{"line":43,"column":5}}],"line":41},"1":{"loc":{"start":{"line":57,"column":9},"end":{"line":61,"column":9}},"type":"binary-expr","locations":[{"start":{"line":57,"column":9},"end":{"line":57,"column":22}},{"start":{"line":58,"column":10},"end":{"line":60,"column":17}}],"line":57}},"s":{"0":1,"1":1,"2":4,"3":4,"4":2,"5":2,"6":2,"7":0,"8":2,"9":4,"10":0,"11":4,"12":0,"13":4,"14":0,"15":0,"16":4,"17":1},"f":{"0":4,"1":2,"2":2,"3":0,"4":0,"5":0},"b":{"0":[0,0],"1":[4,2]},"_coverageSchema":"1a1c01bbd47fc00a2c39e90264f33305004495a9","hash":"e0a6b9ef57fdb3012a66a958555d5ce5f15227d8"}
,"C:\\Users\\ASD\\Desktop\\Interview\\Assignment\\JokesProject\\src\\service\\JokeService.ts": {"path":"C:\\Users\\ASD\\Desktop\\Interview\\Assignment\\JokesProject\\src\\service\\JokeService.ts","statementMap":{"0":{"start":{"line":1,"column":26},"end":{"line":13,"column":1}},"1":{"start":{"line":2,"column":19},"end":{"line":10,"column":3}},"2":{"start":{"line":11,"column":15},"end":{"line":11,"column":36}},"3":{"start":{"line":12,"column":2},"end":{"line":12,"column":22}}},"fnMap":{"0":{"name":"(anonymous_0)","decl":{"start":{"line":1,"column":26},"end":{"line":1,"column":27}},"loc":{"start":{"line":1,"column":46},"end":{"line":13,"column":1}},"line":1}},"branchMap":{"0":{"loc":{"start":{"line":1,"column":33},"end":{"line":1,"column":41}},"type":"default-arg","locations":[{"start":{"line":1,"column":40},"end":{"line":1,"column":41}}],"line":1}},"s":{"0":1,"1":2,"2":0,"3":0},"f":{"0":2},"b":{"0":[0]},"_coverageSchema":"1a1c01bbd47fc00a2c39e90264f33305004495a9","hash":"b72fada72e4169530a05a38d36373f821cd894c6"}
}
