{"C:\\Users\\ASD\\Desktop\\Interview\\Assignment\\JokesProject\\src\\Action\\JokesAction.ts": {"path":"C:\\Users\\ASD\\Desktop\\Interview\\Assignment\\JokesProject\\src\\Action\\JokesAction.ts","statementMap":{"0":{"start":{"line":1,"column":30},"end":{"line":1,"column":46}},"1":{"start":{"line":2,"column":29},"end":{"line":2,"column":43}},"2":{"start":{"line":3,"column":25},"end":{"line":3,"column":36}}},"fnMap":{},"branchMap":{},"s":{"0":1,"1":1,"2":1},"f":{},"b":{},"_coverageSchema":"1a1c01bbd47fc00a2c39e90264f33305004495a9","hash":"5cbb96993797c9ce85185ee5c5f41b64e81b5dff"}
,"C:\\Users\\ASD\\Desktop\\Interview\\Assignment\\JokesProject\\src\\Components\\JokeItem.tsx": {"path":"C:\\Users\\ASD\\Desktop\\Interview\\Assignment\\JokesProject\\src\\Components\\JokeItem.tsx","statementMap":{"0":{"start":{"line":9,"column":17},"end":{"line":15,"column":1}},"1":{"start":{"line":10,"column":2},"end":{"line":14,"column":4}},"2":{"start":{"line":19,"column":15},"end":{"line":28,"column":2}}},"fnMap":{"0":{"name":"(anonymous_0)","decl":{"start":{"line":9,"column":17},"end":{"line":9,"column":18}},"loc":{"start":{"line":9,"column":36},"end":{"line":15,"column":1}},"line":9}},"branchMap":{},"s":{"0":2,"1":1,"2":2},"f":{"0":1},"b":{},"_coverageSchema":"1a1c01bbd47fc00a2c39e90264f33305004495a9","hash":"f8a40225688986c8e323a46ae4105f2e78ce2f81"}
,"C:\\Users\\ASD\\Desktop\\Interview\\Assignment\\JokesProject\\src\\Screen\\Jokes.tsx": {"path":"C:\\Users\\ASD\\Desktop\\Interview\\Assignment\\JokesProject\\src\\Screen\\Jokes.tsx","statementMap":{"0":{"start":{"line":18,"column":21},"end":{"line":22,"column":1}},"1":{"start":{"line":34,"column":16},"end":{"line":52,"column":1}},"2":{"start":{"line":35,"column":2},"end":{"line":51,"column":3}},"3":{"start":{"line":37,"column":6},"end":{"line":37,"column":39}},"4":{"start":{"line":39,"column":6},"end":{"line":43,"column":8}},"5":{"start":{"line":45,"column":6},"end":{"line":48,"column":8}},"6":{"start":{"line":50,"column":6},"end":{"line":50,"column":24}},"7":{"start":{"line":54,"column":14},"end":{"line":96,"column":1}},"8":{"start":{"line":55,"column":28},"end":{"line":55,"column":61}},"9":{"start":{"line":57,"column":2},"end":{"line":66,"column":19}},"10":{"start":{"line":58,"column":22},"end":{"line":64,"column":5}},"11":{"start":{"line":59,"column":6},"end":{"line":59,"column":39}},"12":{"start":{"line":61,"column":23},"end":{"line":61,"column":51}},"13":{"start":{"line":63,"column":6},"end":{"line":63,"column":57}},"14":{"start":{"line":65,"column":4},"end":{"line":65,"column":16}},"15":{"start":{"line":68,"column":23},"end":{"line":68,"column":74}},"16":{"start":{"line":68,"column":54},"end":{"line":68,"column":74}},"17":{"start":{"line":69,"column":21},"end":{"line":72,"column":3}},"18":{"start":{"line":70,"column":30},"end":{"line":70,"column":54}},"19":{"start":{"line":73,"column":30},"end":{"line":75,"column":3}},"20":{"start":{"line":74,"column":4},"end":{"line":74,"column":32}},"21":{"start":{"line":77,"column":2},"end":{"line":95,"column":4}},"22":{"start":{"line":100,"column":15},"end":{"line":111,"column":2}}},"fnMap":{"0":{"name":"(anonymous_0)","decl":{"start":{"line":34,"column":16},"end":{"line":34,"column":17}},"loc":{"start":{"line":34,"column":64},"end":{"line":52,"column":1}},"line":34},"1":{"name":"(anonymous_1)","decl":{"start":{"line":54,"column":14},"end":{"line":54,"column":15}},"loc":{"start":{"line":54,"column":20},"end":{"line":96,"column":1}},"line":54},"2":{"name":"(anonymous_2)","decl":{"start":{"line":57,"column":12},"end":{"line":57,"column":13}},"loc":{"start":{"line":57,"column":18},"end":{"line":66,"column":3}},"line":57},"3":{"name":"(anonymous_3)","decl":{"start":{"line":58,"column":22},"end":{"line":58,"column":23}},"loc":{"start":{"line":58,"column":34},"end":{"line":64,"column":5}},"line":58},"4":{"name":"(anonymous_4)","decl":{"start":{"line":68,"column":23},"end":{"line":68,"column":24}},"loc":{"start":{"line":68,"column":54},"end":{"line":68,"column":74}},"line":68},"5":{"name":"(anonymous_5)","decl":{"start":{"line":70,"column":4},"end":{"line":70,"column":5}},"loc":{"start":{"line":70,"column":30},"end":{"line":70,"column":54}},"line":70},"6":{"name":"(anonymous_6)","decl":{"start":{"line":73,"column":30},"end":{"line":73,"column":31}},"loc":{"start":{"line":73,"column":36},"end":{"line":75,"column":3}},"line":73}},"branchMap":{"0":{"loc":{"start":{"line":35,"column":2},"end":{"line":51,"column":3}},"type":"switch","locations":[{"start":{"line":36,"column":4},"end":{"line":37,"column":39}},{"start":{"line":38,"column":4},"end":{"line":43,"column":8}},{"start":{"line":44,"column":4},"end":{"line":48,"column":8}},{"start":{"line":49,"column":4},"end":{"line":50,"column":24}}],"line":35},"1":{"loc":{"start":{"line":88,"column":9},"end":{"line":92,"column":9}},"type":"binary-expr","locations":[{"start":{"line":88,"column":9},"end":{"line":88,"column":22}},{"start":{"line":89,"column":10},"end":{"line":91,"column":17}}],"line":88}},"s":{"0":1,"1":1,"2":2,"3":2,"4":0,"5":0,"6":0,"7":1,"8":4,"9":4,"10":2,"11":2,"12":2,"13":0,"14":2,"15":4,"16":0,"17":4,"18":0,"19":4,"20":0,"21":4,"22":1},"f":{"0":2,"1":4,"2":2,"3":2,"4":0,"5":0,"6":0},"b":{"0":[2,0,0,0],"1":[4,2]},"_coverageSchema":"1a1c01bbd47fc00a2c39e90264f33305004495a9","hash":"dc88461683d5bfb9531e25b1d93a9a8285d638dd"}
,"C:\\Users\\ASD\\Desktop\\Interview\\Assignment\\JokesProject\\src\\Service\\JokeService.ts": {"path":"C:\\Users\\ASD\\Desktop\\Interview\\Assignment\\JokesProject\\src\\Service\\JokeService.ts","statementMap":{"0":{"start":{"line":1,"column":26},"end":{"line":13,"column":1}},"1":{"start":{"line":2,"column":19},"end":{"line":10,"column":3}},"2":{"start":{"line":11,"column":15},"end":{"line":11,"column":36}},"3":{"start":{"line":12,"column":2},"end":{"line":12,"column":22}}},"fnMap":{"0":{"name":"(anonymous_0)","decl":{"start":{"line":1,"column":26},"end":{"line":1,"column":27}},"loc":{"start":{"line":1,"column":46},"end":{"line":13,"column":1}},"line":1}},"branchMap":{"0":{"loc":{"start":{"line":1,"column":33},"end":{"line":1,"column":41}},"type":"default-arg","locations":[{"start":{"line":1,"column":40},"end":{"line":1,"column":41}}],"line":1}},"s":{"0":1,"1":2,"2":0,"3":0},"f":{"0":2},"b":{"0":[0]},"_coverageSchema":"1a1c01bbd47fc00a2c39e90264f33305004495a9","hash":"05e43121ca044d091f876feb2879560aabbd1016"}
}
