TN:
SF:src\Action\JokesAction.ts
FNF:0
FNH:0
DA:1,1
DA:2,1
DA:3,1
LF:3
LH:3
BRF:0
BRH:0
end_of_record
TN:
SF:src\Components\JokeItem.tsx
FN:9,(anonymous_0)
FNF:1
FNH:1
FNDA:1,(anonymous_0)
DA:9,2
DA:10,1
DA:19,2
LF:3
LH:3
BRF:0
BRH:0
end_of_record
TN:
SF:src\Screen\Jokes.tsx
FN:34,(anonymous_0)
FN:54,(anonymous_1)
FN:57,(anonymous_2)
FN:58,(anonymous_3)
FN:68,(anonymous_4)
FN:70,(anonymous_5)
FN:73,(anonymous_6)
FNF:7
FNH:4
FNDA:2,(anonymous_0)
FNDA:4,(anonymous_1)
FNDA:2,(anonymous_2)
FNDA:2,(anonymous_3)
FNDA:0,(anonymous_4)
FNDA:0,(anonymous_5)
FNDA:0,(anonymous_6)
DA:18,1
DA:34,1
DA:35,2
DA:37,2
DA:39,0
DA:45,0
DA:50,0
DA:54,1
DA:55,4
DA:57,4
DA:58,2
DA:59,2
DA:61,2
DA:63,0
DA:65,2
DA:68,4
DA:69,4
DA:70,0
DA:73,4
DA:74,0
DA:77,4
DA:100,1
LF:22
LH:16
BRDA:35,0,0,2
BRDA:35,0,1,0
BRDA:35,0,2,0
BRDA:35,0,3,0
BRDA:88,1,0,4
BRDA:88,1,1,2
BRF:6
BRH:3
end_of_record
TN:
SF:src\Service\JokeService.ts
FN:1,(anonymous_0)
FNF:1
FNH:1
FNDA:2,(anonymous_0)
DA:1,1
DA:2,2
DA:11,0
DA:12,0
LF:4
LH:2
BRDA:1,0,0,0
BRF:1
BRH:0
end_of_record
