TN:
SF:src\action\JokesAction.ts
FNF:0
FNH:0
DA:1,1
DA:2,1
DA:3,1
LF:3
LH:3
BRF:0
BRH:0
end_of_record
TN:
SF:src\components\JokeItem.tsx
FN:9,(anonymous_0)
FNF:1
FNH:1
FNDA:1,(anonymous_0)
DA:9,2
DA:10,1
DA:19,2
LF:3
LH:3
BRF:0
BRH:0
end_of_record
TN:
SF:src\reducer\JokeReducer.ts
FN:4,(anonymous_0)
FNF:1
FNH:1
FNDA:2,(anonymous_0)
DA:4,1
DA:5,2
DA:7,2
DA:9,0
DA:15,0
DA:20,0
LF:6
LH:3
BRDA:5,0,0,2
BRDA:5,0,1,0
BRDA:5,0,2,0
BRDA:5,0,3,0
BRF:4
BRH:1
end_of_record
TN:
SF:src\screen\Jokes.tsx
FN:21,(anonymous_0)
FN:24,(anonymous_1)
FN:25,(anonymous_2)
FN:35,(anonymous_3)
FN:37,(anonymous_4)
FN:40,(anonymous_5)
FNF:6
FNH:3
FNDA:4,(anonymous_0)
FNDA:2,(anonymous_1)
FNDA:2,(anonymous_2)
FNDA:0,(anonymous_3)
FNDA:0,(anonymous_4)
FNDA:0,(anonymous_5)
DA:15,1
DA:21,1
DA:22,4
DA:24,4
DA:25,2
DA:26,2
DA:28,2
DA:30,0
DA:32,2
DA:35,4
DA:36,4
DA:37,0
DA:40,4
DA:41,0
DA:42,0
DA:46,4
DA:69,1
LF:17
LH:13
BRDA:41,0,0,0
BRDA:41,0,1,0
BRDA:57,1,0,4
BRDA:57,1,1,2
BRF:4
BRH:2
end_of_record
TN:
SF:src\service\JokeService.ts
FN:1,(anonymous_0)
FNF:1
FNH:1
FNDA:2,(anonymous_0)
DA:1,1
DA:2,2
DA:11,0
DA:12,0
LF:4
LH:2
BRDA:1,0,0,0
BRF:1
BRH:0
end_of_record
